<?xml version="1.0" encoding="UTF-8"?>
<testsuite xmlns:xsi="http://www.w3.org/2001/XMLSchema-instance" xsi:noNamespaceSchemaLocation="https://maven.apache.org/surefire/maven-surefire-plugin/xsd/surefire-test-report.xsd" name="service.ServiceMockTest" time="0.813" tests="3" errors="3" skipped="0" failures="0">
  <properties>
    <property name="java.specification.version" value="15"/>
    <property name="sun.cpu.isalist" value="amd64"/>
    <property name="sun.jnu.encoding" value="Cp1252"/>
    <property name="java.class.path" value="D:\EGYETEM\6\verval\Lab1\target\test-classes;D:\EGYETEM\6\verval\Lab1\target\classes;C:\Users\pente\.m2\repository\junit\junit\4.12\junit-4.12.jar;C:\Users\pente\.m2\repository\org\hamcrest\hamcrest-core\1.3\hamcrest-core-1.3.jar;C:\Users\pente\.m2\repository\org\junit\jupiter\junit-jupiter\5.8.2\junit-jupiter-5.8.2.jar;C:\Users\pente\.m2\repository\org\junit\jupiter\junit-jupiter-api\5.8.2\junit-jupiter-api-5.8.2.jar;C:\Users\pente\.m2\repository\org\opentest4j\opentest4j\1.2.0\opentest4j-1.2.0.jar;C:\Users\pente\.m2\repository\org\junit\platform\junit-platform-commons\1.8.2\junit-platform-commons-1.8.2.jar;C:\Users\pente\.m2\repository\org\apiguardian\apiguardian-api\1.1.2\apiguardian-api-1.1.2.jar;C:\Users\pente\.m2\repository\org\junit\jupiter\junit-jupiter-params\5.8.2\junit-jupiter-params-5.8.2.jar;C:\Users\pente\.m2\repository\org\junit\jupiter\junit-jupiter-engine\5.8.2\junit-jupiter-engine-5.8.2.jar;C:\Users\pente\.m2\repository\org\junit\platform\junit-platform-engine\1.8.2\junit-platform-engine-1.8.2.jar;C:\Users\pente\.m2\repository\org\mockito\mockito-core\3.2.4\mockito-core-3.2.4.jar;C:\Users\pente\.m2\repository\net\bytebuddy\byte-buddy\1.10.5\byte-buddy-1.10.5.jar;C:\Users\pente\.m2\repository\net\bytebuddy\byte-buddy-agent\1.10.5\byte-buddy-agent-1.10.5.jar;C:\Users\pente\.m2\repository\org\objenesis\objenesis\2.6\objenesis-2.6.jar;C:\Users\pente\.m2\repository\org\mockito\mockito-inline\2.13.0\mockito-inline-2.13.0.jar;"/>
    <property name="java.vm.vendor" value="Oracle Corporation"/>
    <property name="sun.arch.data.model" value="64"/>
    <property name="user.variant" value=""/>
    <property name="java.vendor.url" value="https://java.oracle.com/"/>
    <property name="user.timezone" value="Europe/Bucharest"/>
    <property name="os.name" value="Windows 10"/>
    <property name="java.vm.specification.version" value="15"/>
    <property name="sun.java.launcher" value="SUN_STANDARD"/>
    <property name="user.country" value="US"/>
    <property name="sun.boot.library.path" value="C:\Program Files\Java\jdk-15.0.2\bin"/>
    <property name="sun.java.command" value="C:\Users\pente\AppData\Local\Temp\surefire832272853496824948\surefirebooter18122510347440250348.jar C:\Users\pente\AppData\Local\Temp\surefire832272853496824948 2022-03-21T19-12-04_657-jvmRun1 surefire6528629367512022444tmp surefire_05844731989899794809tmp"/>
    <property name="jdk.debug" value="release"/>
    <property name="surefire.test.class.path" value="D:\EGYETEM\6\verval\Lab1\target\test-classes;D:\EGYETEM\6\verval\Lab1\target\classes;C:\Users\pente\.m2\repository\junit\junit\4.12\junit-4.12.jar;C:\Users\pente\.m2\repository\org\hamcrest\hamcrest-core\1.3\hamcrest-core-1.3.jar;C:\Users\pente\.m2\repository\org\junit\jupiter\junit-jupiter\5.8.2\junit-jupiter-5.8.2.jar;C:\Users\pente\.m2\repository\org\junit\jupiter\junit-jupiter-api\5.8.2\junit-jupiter-api-5.8.2.jar;C:\Users\pente\.m2\repository\org\opentest4j\opentest4j\1.2.0\opentest4j-1.2.0.jar;C:\Users\pente\.m2\repository\org\junit\platform\junit-platform-commons\1.8.2\junit-platform-commons-1.8.2.jar;C:\Users\pente\.m2\repository\org\apiguardian\apiguardian-api\1.1.2\apiguardian-api-1.1.2.jar;C:\Users\pente\.m2\repository\org\junit\jupiter\junit-jupiter-params\5.8.2\junit-jupiter-params-5.8.2.jar;C:\Users\pente\.m2\repository\org\junit\jupiter\junit-jupiter-engine\5.8.2\junit-jupiter-engine-5.8.2.jar;C:\Users\pente\.m2\repository\org\junit\platform\junit-platform-engine\1.8.2\junit-platform-engine-1.8.2.jar;C:\Users\pente\.m2\repository\org\mockito\mockito-core\3.2.4\mockito-core-3.2.4.jar;C:\Users\pente\.m2\repository\net\bytebuddy\byte-buddy\1.10.5\byte-buddy-1.10.5.jar;C:\Users\pente\.m2\repository\net\bytebuddy\byte-buddy-agent\1.10.5\byte-buddy-agent-1.10.5.jar;C:\Users\pente\.m2\repository\org\objenesis\objenesis\2.6\objenesis-2.6.jar;C:\Users\pente\.m2\repository\org\mockito\mockito-inline\2.13.0\mockito-inline-2.13.0.jar;"/>
    <property name="sun.cpu.endian" value="little"/>
    <property name="user.home" value="C:\Users\pente"/>
    <property name="user.language" value="en"/>
    <property name="java.specification.vendor" value="Oracle Corporation"/>
    <property name="java.version.date" value="2021-01-19"/>
    <property name="java.home" value="C:\Program Files\Java\jdk-15.0.2"/>
    <property name="file.separator" value="\"/>
    <property name="basedir" value="D:\EGYETEM\6\verval\Lab1"/>
    <property name="java.vm.compressedOopsMode" value="32-bit"/>
    <property name="line.separator" value="&#10;"/>
    <property name="java.vm.specification.vendor" value="Oracle Corporation"/>
    <property name="java.specification.name" value="Java Platform API Specification"/>
    <property name="surefire.real.class.path" value="C:\Users\pente\AppData\Local\Temp\surefire832272853496824948\surefirebooter18122510347440250348.jar"/>
    <property name="user.script" value=""/>
    <property name="sun.management.compiler" value="HotSpot 64-Bit Tiered Compilers"/>
    <property name="java.runtime.version" value="15.0.2+7-27"/>
    <property name="user.name" value="pente"/>
    <property name="path.separator" value=";"/>
    <property name="os.version" value="10.0"/>
    <property name="java.runtime.name" value="Java(TM) SE Runtime Environment"/>
    <property name="file.encoding" value="Cp1252"/>
    <property name="java.vm.name" value="Java HotSpot(TM) 64-Bit Server VM"/>
    <property name="localRepository" value="C:\Users\pente\.m2\repository"/>
    <property name="java.vendor.url.bug" value="https://bugreport.java.com/bugreport/"/>
    <property name="java.io.tmpdir" value="C:\Users\pente\AppData\Local\Temp\"/>
    <property name="idea.version" value="2020.3.2"/>
    <property name="java.version" value="15.0.2"/>
    <property name="user.dir" value="D:\EGYETEM\6\verval\Lab1"/>
    <property name="os.arch" value="amd64"/>
    <property name="java.vm.specification.name" value="Java Virtual Machine Specification"/>
    <property name="sun.os.patch.level" value=""/>
    <property name="java.library.path" value="C:\Program Files\Java\jdk-15.0.2\bin;C:\Windows\Sun\Java\bin;C:\Windows\system32;C:\Windows;C:\app\pente\product\21c\dbhomeXE\bin;C:\Program Files (x86)\Microsoft SDKs\Azure\CLI2\wbin;C:\Program Files (x86)\Common Files\Oracle\Java\javapath;C:\Windows\system32;C:\Windows;C:\Windows\System32\Wbem;C:\Windows\System32\WindowsPowerShell\v1.0\;C:\Windows\System32\OpenSSH\;C:\Program Files\Git\cmd;C:\Program Files\Docker\Docker\resources\bin;C:\ProgramData\DockerDesktop\version-bin;C:\GnuWin32\bin;C:\msys64\mingw64\bin;C:\Program Files\Java\jdk-16.0.2\bin;C:\Gradle\gradle-7.2\bin;C:\Program Files\nodejs\;D:\PROGRAMOK\ArangoDB3-3.8.4_win64\ArangoDB3-3.8.4_win64\usr\bin;C:\GnuWin32\bin;C:\MinGW\bin;D:\PROGRAMOK\apache-tomcat-10.0.11;C:\Program Files\Microsoft SQL Server\Client SDK\ODBC\170\Tools\Binn\;C:\Program Files (x86)\Microsoft SQL Server\150\Tools\Binn\;C:\Program Files\Microsoft SQL Server\150\Tools\Binn\;C:\Program Files\Microsoft SQL Server\150\DTS\Binn\;C:\Program Files (x86)\Microsoft SQL Server\150\DTS\Binn\;C:\Program Files\Azure Data Studio\bin;C:\Program Files\Microsoft SQL Server\130\Tools\Binn\;C:\Users\pente\AppData\Local\Programs\Python\Python310\Scripts\;C:\Users\pente\AppData\Local\Programs\Python\Python310\;C:\GnuWin32\bin;C:\Users\pente\AppData\Local\GitHubDesktop\bin;C:\Gradle\gradle-7.2\bin;C:\Users\pente\AppData\Local\Programs\Microsoft VS Code\bin;C:\Users\pente\AppData\Roaming\npm;C:\Users\pente\AppData\Local\Keybase\;D:\PROGRAMOK\apache-tomcat-10.0.11\bin;C:\Users\pente\.julia\conda\3\Scripts;C:\Program Files\Azure Data Studio\bin;."/>
    <property name="java.vm.info" value="mixed mode, sharing"/>
    <property name="java.vendor" value="Oracle Corporation"/>
    <property name="java.vm.version" value="15.0.2+7-27"/>
    <property name="sun.io.unicode.encoding" value="UnicodeLittle"/>
    <property name="java.class.version" value="59.0"/>
  </properties>
  <testcase name="homeworkShouldBeSaved" classname="service.ServiceMockTest" time="0.701">
    <error message="&#10;Mockito cannot mock this class: class repository.StudentXMLRepository.&#10;&#10;If you&apos;re not sure why you&apos;re getting this error, please report to the mailing list.&#10;&#10;&#10;Java               : 15&#10;JVM vendor name    : Oracle Corporation&#10;JVM vendor version : 15.0.2+7-27&#10;JVM name           : Java HotSpot(TM) 64-Bit Server VM&#10;JVM version        : 15.0.2+7-27&#10;JVM info           : mixed mode, sharing&#10;OS name            : Windows 10&#10;OS version         : 10.0&#10;&#10;&#10;You are seeing this disclaimer because Mockito is configured to create inlined mocks.&#10;You can learn about inline mocks and their limitations under item #39 of the Mockito class javadoc.&#10;&#10;Underlying exception : org.mockito.exceptions.base.MockitoException: Could not modify all classes [class repository.AbstractCRUDRepository, class repository.StudentXMLRepository, class java.lang.Object, class repository.AbstractXMLRepository, interface repository.CRUDRepository]" type="org.mockito.exceptions.base.MockitoException">org.mockito.exceptions.base.MockitoException: 

Mockito cannot mock this class: class repository.StudentXMLRepository.

If you're not sure why you're getting this error, please report to the mailing list.


Java               : 15
JVM vendor name    : Oracle Corporation
JVM vendor version : 15.0.2+7-27
JVM name           : Java HotSpot(TM) 64-Bit Server VM
JVM version        : 15.0.2+7-27
JVM info           : mixed mode, sharing
OS name            : Windows 10
OS version         : 10.0


You are seeing this disclaimer because Mockito is configured to create inlined mocks.
You can learn about inline mocks and their limitations under item #39 of the Mockito class javadoc.

Underlying exception : org.mockito.exceptions.base.MockitoException: Could not modify all classes [class repository.AbstractCRUDRepository, class repository.StudentXMLRepository, class java.lang.Object, class repository.AbstractXMLRepository, interface repository.CRUDRepository]
	at service.ServiceMockTest.init(ServiceMockTest.java:51)
Caused by: org.mockito.exceptions.base.MockitoException: Could not modify all classes [class repository.AbstractCRUDRepository, class repository.StudentXMLRepository, class java.lang.Object, class repository.AbstractXMLRepository, interface repository.CRUDRepository]
	at service.ServiceMockTest.init(ServiceMockTest.java:51)
Caused by: java.lang.IllegalStateException: 

Byte Buddy could not instrument all classes within the mock's type hierarchy

This problem should never occur for javac-compiled classes. This problem has been observed for classes that are:
 - Compiled by older versions of scalac
 - Classes that are part of the Android distribution
	at service.ServiceMockTest.init(ServiceMockTest.java:51)
Caused by: java.lang.IllegalArgumentException: Unsupported class file major version 59
	at service.ServiceMockTest.init(ServiceMockTest.java:51)
</error>
  </testcase>
  <testcase name="shouldExtendDeadlineMultipleTimes" classname="service.ServiceMockTest" time="0.058">
    <error message="&#10;Mockito cannot mock this class: class repository.StudentXMLRepository.&#10;&#10;If you&apos;re not sure why you&apos;re getting this error, please report to the mailing list.&#10;&#10;&#10;Java               : 15&#10;JVM vendor name    : Oracle Corporation&#10;JVM vendor version : 15.0.2+7-27&#10;JVM name           : Java HotSpot(TM) 64-Bit Server VM&#10;JVM version        : 15.0.2+7-27&#10;JVM info           : mixed mode, sharing&#10;OS name            : Windows 10&#10;OS version         : 10.0&#10;&#10;&#10;You are seeing this disclaimer because Mockito is configured to create inlined mocks.&#10;You can learn about inline mocks and their limitations under item #39 of the Mockito class javadoc.&#10;&#10;Underlying exception : org.mockito.exceptions.base.MockitoException: Could not modify all classes [class repository.AbstractCRUDRepository, class repository.StudentXMLRepository, class java.lang.Object, class repository.AbstractXMLRepository, interface repository.CRUDRepository]" type="org.mockito.exceptions.base.MockitoException">org.mockito.exceptions.base.MockitoException: 

Mockito cannot mock this class: class repository.StudentXMLRepository.

If you're not sure why you're getting this error, please report to the mailing list.


Java               : 15
JVM vendor name    : Oracle Corporation
JVM vendor version : 15.0.2+7-27
JVM name           : Java HotSpot(TM) 64-Bit Server VM
JVM version        : 15.0.2+7-27
JVM info           : mixed mode, sharing
OS name            : Windows 10
OS version         : 10.0


You are seeing this disclaimer because Mockito is configured to create inlined mocks.
You can learn about inline mocks and their limitations under item #39 of the Mockito class javadoc.

Underlying exception : org.mockito.exceptions.base.MockitoException: Could not modify all classes [class repository.AbstractCRUDRepository, class repository.StudentXMLRepository, class java.lang.Object, class repository.AbstractXMLRepository, interface repository.CRUDRepository]
	at service.ServiceMockTest.init(ServiceMockTest.java:51)
Caused by: org.mockito.exceptions.base.MockitoException: Could not modify all classes [class repository.AbstractCRUDRepository, class repository.StudentXMLRepository, class java.lang.Object, class repository.AbstractXMLRepository, interface repository.CRUDRepository]
	at service.ServiceMockTest.init(ServiceMockTest.java:51)
Caused by: java.lang.IllegalStateException: 

Byte Buddy could not instrument all classes within the mock's type hierarchy

This problem should never occur for javac-compiled classes. This problem has been observed for classes that are:
 - Compiled by older versions of scalac
 - Classes that are part of the Android distribution
	at service.ServiceMockTest.init(ServiceMockTest.java:51)
Caused by: java.lang.IllegalArgumentException: Unsupported class file major version 59
	at service.ServiceMockTest.init(ServiceMockTest.java:51)
</error>
  </testcase>
  <testcase name="homeworkShouldNotBeDeleted" classname="service.ServiceMockTest" time="0.038">
    <error message="&#10;Mockito cannot mock this class: class repository.StudentXMLRepository.&#10;&#10;If you&apos;re not sure why you&apos;re getting this error, please report to the mailing list.&#10;&#10;&#10;Java               : 15&#10;JVM vendor name    : Oracle Corporation&#10;JVM vendor version : 15.0.2+7-27&#10;JVM name           : Java HotSpot(TM) 64-Bit Server VM&#10;JVM version        : 15.0.2+7-27&#10;JVM info           : mixed mode, sharing&#10;OS name            : Windows 10&#10;OS version         : 10.0&#10;&#10;&#10;You are seeing this disclaimer because Mockito is configured to create inlined mocks.&#10;You can learn about inline mocks and their limitations under item #39 of the Mockito class javadoc.&#10;&#10;Underlying exception : org.mockito.exceptions.base.MockitoException: Could not modify all classes [class repository.AbstractCRUDRepository, class repository.StudentXMLRepository, class java.lang.Object, class repository.AbstractXMLRepository, interface repository.CRUDRepository]" type="org.mockito.exceptions.base.MockitoException">org.mockito.exceptions.base.MockitoException: 

Mockito cannot mock this class: class repository.StudentXMLRepository.

If you're not sure why you're getting this error, please report to the mailing list.


Java               : 15
JVM vendor name    : Oracle Corporation
JVM vendor version : 15.0.2+7-27
JVM name           : Java HotSpot(TM) 64-Bit Server VM
JVM version        : 15.0.2+7-27
JVM info           : mixed mode, sharing
OS name            : Windows 10
OS version         : 10.0


You are seeing this disclaimer because Mockito is configured to create inlined mocks.
You can learn about inline mocks and their limitations under item #39 of the Mockito class javadoc.

Underlying exception : org.mockito.exceptions.base.MockitoException: Could not modify all classes [class repository.AbstractCRUDRepository, class repository.StudentXMLRepository, class java.lang.Object, class repository.AbstractXMLRepository, interface repository.CRUDRepository]
	at service.ServiceMockTest.init(ServiceMockTest.java:51)
Caused by: org.mockito.exceptions.base.MockitoException: Could not modify all classes [class repository.AbstractCRUDRepository, class repository.StudentXMLRepository, class java.lang.Object, class repository.AbstractXMLRepository, interface repository.CRUDRepository]
	at service.ServiceMockTest.init(ServiceMockTest.java:51)
Caused by: java.lang.IllegalStateException: 

Byte Buddy could not instrument all classes within the mock's type hierarchy

This problem should never occur for javac-compiled classes. This problem has been observed for classes that are:
 - Compiled by older versions of scalac
 - Classes that are part of the Android distribution
	at service.ServiceMockTest.init(ServiceMockTest.java:51)
Caused by: java.lang.IllegalArgumentException: Unsupported class file major version 59
	at service.ServiceMockTest.init(ServiceMockTest.java:51)
</error>
  </testcase>
</testsuite>